<?xml version="1.0" encoding="UTF-8"?>
<!-- Generated by org.testng.reporters.JUnitReportReporter -->
<testsuite hostname="Purushothams-MacBook-Air.local" failures="0" tests="1" name="listener.TestRunner" time="70.264" errors="0" timestamp="16 Jul 2019 13:46:43 GMT" skipped="0">
  <testcase classname="listener.TestRunner" name="scenario" time="70.264"/>
</testsuite> <!-- listener.TestRunner -->
